<?xml version="1.0" encoding="UTF-8"?>
<!-- Generated by org.testng.reporters.JUnitXMLReporter -->
<testsuite ignored="0" hostname="User-PC" failures="0" tests="1" name="Test-Runner-Chrome" time="19.684" errors="0" timestamp="2024-11-04T19:02:01 IST">
  <testcase classname="products.RemoveProductTest" name="sampleTest" time="0.02"/>
</testsuite> <!-- Test-Runner-Chrome -->
