<?xml version="1.0" encoding="UTF-8"?>
<!-- Generated by org.testng.reporters.JUnitReportReporter -->
<testsuite hostname="User-PC" failures="0" tests="1" name="products.CompareProductTest" time="0.638" errors="0" timestamp="2024-11-06T21:32:14 IST" skipped="0">
  <testcase classname="products.CompareProductTest" name="compareTest" time="0.638"/>
  <system-out/>
</testsuite> <!-- products.CompareProductTest -->
