<?xml version="1.0" encoding="UTF-8"?>
<!-- Generated by org.testng.reporters.JUnitReportReporter -->
<testsuite hostname="User-PC" failures="0" tests="1" name="practice.TestNGTest" time="0.018" errors="0" timestamp="2024-10-24T19:34:39 IST" skipped="0">
  <testcase classname="practice.TestNGTest" name="Test" time="0.018"/>
</testsuite> <!-- practice.TestNGTest -->
