<?xml version="1.0" encoding="UTF-8"?>
<!-- Generated by org.testng.reporters.JUnitReportReporter -->
<testsuite hostname="User-PC" failures="0" tests="1" name="products.RemoveProductTest" time="0.795" errors="0" timestamp="2024-11-06T21:32:14 IST" skipped="0">
  <testcase classname="products.RemoveProductTest" name="sampleTest" time="0.795"/>
  <system-out/>
</testsuite> <!-- products.RemoveProductTest -->
