<?xml version="1.0" encoding="UTF-8"?>
<!-- Generated by org.testng.reporters.JUnitReportReporter -->
<testsuite hostname="User-PC" failures="0" tests="6" name="practice.TestNGPractice" time="0.024" errors="0" timestamp="2024-10-24T19:52:57 IST" skipped="0">
  <testcase classname="practice.TestNGPractice" name="sampleTest4" time="0.012"/>
  <testcase classname="practice.TestNGPractice" name="sampleTest3" time="0.002"/>
  <testcase classname="practice.TestNGPractice" name="sampleTest2" time="0.002"/>
  <testcase classname="practice.TestNGPractice" name="sampleTest" time="0.003"/>
  <testcase classname="practice.TestNGPractice" name="sampleTest" time="0.002"/>
  <testcase classname="practice.TestNGPractice" name="sampleTest" time="0.003"/>
</testsuite> <!-- practice.TestNGPractice -->
